<?xml version="1.0" encoding="UTF-8"?>
<!-- Generated by org.testng.reporters.JUnitReportReporter -->
<testsuite hostname="ip-172-31-90-254" failures="0" tests="2" name="restAPI.RestAPITest" time="1.616" errors="0" timestamp="29 Apr 2024 15:41:41 GMT" skipped="0">
  <testcase classname="restAPI.RestAPITest" name="B_GetCatagory2Product" time="0.061"/>
  <testcase classname="restAPI.RestAPITest" name="A_GetAllProducts" time="1.555"/>
</testsuite> <!-- restAPI.RestAPITest -->
